<?xml version="1.0" encoding="UTF-8"?>
<testsuite name="TaskTest" tests="9" skipped="0" failures="0" errors="0" timestamp="2016-02-18T17:01:18" hostname="epicodus-59.local" time="0.004">
  <properties/>
  <testcase name="find_returnsNullWhenNoTaskFound_null" classname="TaskTest" time="0.001"/>
  <testcase name="clear_emptiesAllTasksFromArrayList" classname="TaskTest" time="0.0"/>
  <testcase name="isCompleted_isFalseAfterInstantiaon_false" classname="TaskTest" time="0.0"/>
  <testcase name="task_instantiatesWithDescription_true" classname="TaskTest" time="0.0"/>
  <testcase name="task_instantiatesCorrectly_true" classname="TaskTest" time="0.001"/>
  <testcase name="getCreateAt_instantiatesWithCurrentTime_today" classname="TaskTest" time="0.0"/>
  <testcase name="newId_tasksInstantiateWithAnID_true" classname="TaskTest" time="0.0"/>
  <testcase name="all_returnsAllInstancesOfTask_true" classname="TaskTest" time="0.0"/>
  <testcase name="find_returnsTaskWithSameId_secondTask" classname="TaskTest" time="0.001"/>
  <system-out><![CDATA[]]></system-out>
  <system-err><![CDATA[IndexOutOfBoundsException: Index: 998, Size: 0
]]></system-err>
</testsuite>
